0 verbose cli [ '/usr/bin/node', '/usr/bin/npm', 'init', '-y' ]
1 info using npm@8.5.1
2 info using node@v12.22.9
3 timing npm:load:whichnode Completed in 0ms
4 timing config:load:defaults Completed in 6ms
5 timing config:load:file:/usr/share/nodejs/npm/npmrc Completed in 22ms
6 timing config:load:builtin Completed in 23ms
7 timing config:load:cli Completed in 3ms
8 timing config:load:env Completed in 0ms
9 timing config:load:file:/root/web/.npmrc Completed in 0ms
10 timing config:load:project Completed in 3ms
11 timing config:load:file:/root/.npmrc Completed in 0ms
12 timing config:load:user Completed in 0ms
13 timing config:load:file:/etc/npmrc Completed in 0ms
14 timing config:load:global Completed in 1ms
15 timing config:load:validate Completed in 0ms
16 timing config:load:credentials Completed in 3ms
17 timing config:load:setEnvs Completed in 1ms
18 timing config:load Completed in 41ms
19 timing npm:load:configload Completed in 41ms
20 timing npm:load:setTitle Completed in 1ms
21 timing config:load:flatten Completed in 4ms
22 timing npm:load:display Completed in 7ms
23 verbose logfile /root/.npm/_logs/2023-02-04T13_22_26_734Z-debug-0.log
24 timing npm:load:logFile Completed in 11ms
25 timing npm:load:timers Completed in 0ms
26 timing npm:load:configScope Completed in 0ms
27 timing npm:load Completed in 61ms
28 silly package data {
28 silly package data   name: 'web',
28 silly package data   version: '1.0.0',
28 silly package data   description: '',
28 silly package data   main: 'index.js',
28 silly package data   scripts: { test: 'echo "Error: no test specified" && exit 1' },
28 silly package data   keywords: [],
28 silly package data   author: '',
28 silly package data   license: 'ISC'
28 silly package data }
29 info init written successfully
30 timing command:init Completed in 32ms
31 verbose exit 0
32 timing npm Completed in 872ms
33 info ok
